2022-11-03 12:04:18,489 [INFO] from play.api.db.DefaultDBApi in play-dev-mode-akka.actor.default-dispatcher-11 - Database [default] initialized
2022-11-03 12:04:18,502 [INFO] from play.api.db.HikariCPConnectionPool in play-dev-mode-akka.actor.default-dispatcher-11 - Creating Pool for datasource 'default'
2022-11-03 12:04:19,009 [WARN] from io.avaje.config.InitialLoader in play-dev-mode-akka.actor.default-dispatcher-11 - Loading properties from ebean.properties is deprecated. Please migrate to use application.yaml or application.properties instead.
2022-11-03 12:04:19,889 [INFO] from play.api.http.EnabledFilters in play-dev-mode-akka.actor.default-dispatcher-11 - Enabled Filters (see <https://www.playframework.com/documentation/latest/Filters>):

    play.filters.csrf.CSRFFilter
    play.filters.headers.SecurityHeadersFilter
    play.filters.hosts.AllowedHostsFilter

2022-11-03 12:04:19,955 [INFO] from play.api.Play in play-dev-mode-akka.actor.default-dispatcher-11 - Application started (Dev) (no global state)
2022-11-03 12:22:40,222 [INFO] from play.api.db.HikariCPConnectionPool in application-akka.actor.internal-dispatcher-21 - Shutting down connection pool.
2022-11-03 12:22:41,161 [INFO] from play.api.db.DefaultDBApi in play-dev-mode-akka.actor.default-dispatcher-60 - Database [default] initialized
2022-11-03 12:22:41,162 [INFO] from play.api.db.HikariCPConnectionPool in play-dev-mode-akka.actor.default-dispatcher-60 - Creating Pool for datasource 'default'
2022-11-03 12:22:41,240 [INFO] from play.api.http.EnabledFilters in play-dev-mode-akka.actor.default-dispatcher-60 - Enabled Filters (see <https://www.playframework.com/documentation/latest/Filters>):

    play.filters.csrf.CSRFFilter
    play.filters.headers.SecurityHeadersFilter
    play.filters.hosts.AllowedHostsFilter

2022-11-03 12:22:41,249 [INFO] from play.api.Play in play-dev-mode-akka.actor.default-dispatcher-60 - Application started (Dev) (no global state)
2022-11-03 13:01:52,573 [INFO] from play.api.internal.libs.concurrent.CoordinatedShutdownSupport in pool-8-thread-1 - Starting synchronous coordinated shutdown with ServerStoppedReason reason and 35000 milliseconds timeout
2022-11-03 13:01:52,584 [INFO] from play.core.server.AkkaHttpServer in pool-8-thread-1 - Stopping Akka HTTP server...
2022-11-03 13:01:52,597 [INFO] from play.core.server.AkkaHttpServer in play-dev-mode-akka.actor.internal-dispatcher-138 - Terminating server binding for /0:0:0:0:0:0:0:0:9000
2022-11-03 13:01:58,443 [INFO] from play.api.db.HikariCPConnectionPool in application-akka.actor.internal-dispatcher-20 - Shutting down connection pool.
2022-11-03 13:01:58,508 [INFO] from play.core.server.AkkaHttpServer in play-dev-mode-akka.actor.internal-dispatcher-145 - Running provided shutdown stop hooks
